<?xml version="1.0" encoding="UTF-8"?>
<testsuite name="jft.addressbook.tests.ContactDeletionTest" tests="1" skipped="0" failures="0" errors="0" timestamp="2019-06-22T15:18:25" hostname="Alexander-PC" time="0.4">
  <properties/>
  <testcase name="testContactDelete" classname="jft.addressbook.tests.ContactDeletionTest" time="0.4"/>
  <system-out><![CDATA[]]></system-out>
  <system-err><![CDATA[]]></system-err>
</testsuite>
