<?xml version="1.0" encoding="UTF-8"?>
<testsuite name="jft.addressbook.tests.ContactDeletionTest" tests="1" skipped="0" failures="0" errors="0" timestamp="2019-06-22T14:34:50" hostname="Alexander-PC" time="3.166">
  <properties/>
  <testcase name="testContactDelete" classname="jft.addressbook.tests.ContactDeletionTest" time="3.166"/>
  <system-out><![CDATA[]]></system-out>
  <system-err><![CDATA[]]></system-err>
</testsuite>
