<?xml version="1.0" encoding="UTF-8"?>
<testsuite name="jft.addressbook.tests.GroupDeletionTest" tests="1" skipped="0" failures="0" errors="0" timestamp="2019-06-22T14:34:30" hostname="Alexander-PC" time="0.717">
  <properties/>
  <testcase name="testGroupDeletion" classname="jft.addressbook.tests.GroupDeletionTest" time="0.717"/>
  <system-out><![CDATA[]]></system-out>
  <system-err><![CDATA[]]></system-err>
</testsuite>
