<?xml version="1.0" encoding="UTF-8"?>
<testsuite name="jft.addressbook.tests.GroupModificationTest" tests="1" skipped="0" failures="0" errors="0" timestamp="2019-06-22T14:34:29" hostname="Alexander-PC" time="0.922">
  <properties/>
  <testcase name="testGroupModification" classname="jft.addressbook.tests.GroupModificationTest" time="0.922"/>
  <system-out><![CDATA[]]></system-out>
  <system-err><![CDATA[]]></system-err>
</testsuite>
